0 info it worked if it ends with ok
1 verbose cli [ 'C:\\Program Files\\nodejs\\node.exe',
1 verbose cli   'C:\\Users\\Ngoc\\AppData\\Roaming\\npm\\\'~\\.npm-global\'\\node_modules\\npm\\bin\\npm-cli.js',
1 verbose cli   'start' ]
2 info using npm@3.10.6
3 info using node@v4.4.5
4 verbose run-script [ 'prestart', 'start', 'poststart' ]
5 info lifecycle fulljs@1.0.0~prestart: fulljs@1.0.0
6 silly lifecycle fulljs@1.0.0~prestart: no script for prestart, continuing
7 info lifecycle fulljs@1.0.0~start: fulljs@1.0.0
8 verbose lifecycle fulljs@1.0.0~start: unsafe-perm in lifecycle true
9 verbose lifecycle fulljs@1.0.0~start: PATH: C:\Users\Ngoc\AppData\Roaming\npm\'~\.npm-global'\node_modules\npm\bin\node-gyp-bin;C:\Node-Application\fullstack-javascript\node_modules\.bin;C:\ProgramData\Oracle\Java\javapath;C:\Program Files (x86)\Intel\iCLS Client\;C:\Program Files\Intel\iCLS Client\;C:\WINDOWS\system32;C:\WINDOWS;C:\WINDOWS\System32\Wbem;C:\WINDOWS\System32\WindowsPowerShell\v1.0\;C:\Program Files\Intel\Intel(R) Management Engine Components\DAL;C:\Program Files (x86)\Intel\Intel(R) Management Engine Components\DAL;C:\Program Files\Intel\Intel(R) Management Engine Components\IPT;C:\Program Files (x86)\Intel\Intel(R) Management Engine Components\IPT;C:\Program Files\Intel\WiFi\bin\;C:\Program Files\Common Files\Intel\WirelessCommon\;c:\Program Files (x86)\ATI Technologies\ATI.ACE\Core-Static;C:\localhost\php;C:\ProgramData\ComposerSetup\bin;C:\Xampp\php;C:\HashiCorp\Vagrant\bin;C:\Program Files (x86)\Skype\Phone\;C:\Program Files\Microsoft SQL Server\120\Tools\Binn\;C:\Program Files\Microsoft SQL Server\130\Tools\Binn\;C:\Program Files\MiKTeX 2.9\miktex\bin\x64\;C:\Program Files\Amazon\AWSCLI\;C:\Users\Ngoc\AppData\Roaming\npm;C:\Users\Ngoc\AppData\Roaming\npm\'~\.npm-global';C:\Users\Ngoc\AppData\Local\GitHub\PortableGit_d76a6a98c9315931ec4927243517bc09e9b731a0\mingw32\libexec\git-core;C:\Node-js-server-app\Twitter\'~\.npm-global';C:\MongoDB\bin;C:\Users\Ngoc\AppData\Roaming\nvm;C:\Program Files\nodejs;C:\Node-js-server-app\photo-app\lens\'~\.npm-global';C:\Program Files (x86)\Brackets\command;C:\Program Files (x86)\Heroku\bin;C:\Program Files (x86)\Windows Kits\10\Windows Performance Toolkit\;C:\Program Files\Microsoft SQL Server\Client SDK\ODBC\130\Tools\Binn\;C:\Program Files (x86)\Microsoft SQL Server\130\Tools\Binn\;C:\Program Files\Microsoft SQL Server\130\DTS\Binn\;C:\Program Files\Microsoft SQL Server\110\Tools\Binn\;C:\Program Files (x86)\Microsoft SDKs\TypeScript\1.0\;C:\Xampp\htdocs\node\;C:\Ruby22-x64\bin;C:\Node-js-server-app\photo-app\'~\.npm-global';C:\Users\Ngoc\AppData\Roaming\nvm;C:\Program Files\nodejs;C:\Node-js-server-app\Mean-Stack\'~\.npm-global';C:\Python27;C:\Python27\Scripts;C:\Program Files\Java\jdk1.8.0_65\bin;C:\MongoDB-University\Java\apache-maven-3.3.9-bin\apache-maven-3.3.9\bin;C:\Users\Ngoc\AppData\Local\GitHub\PortableGit_624c8416ee51e205b3f892d1d904e06e6f3c57c8\cmd;C:\Program Files\curl;C:\Node-Application\expressjs\'~\.npm-global';C:\Users\Ngoc\AppData\Local\Microsoft\WindowsApps;C:\Program Files (x86)\Heroku\bin;C:\Program Files (x86)\Git\bin;C:\Users\Ngoc\AppData\Local\.meteor;C:\Node-Application\Scotch.io Training\Swimming Heroes\node_modules\babel-cli\bin;C:\Users\Ngoc\AppData\Roaming\npm;C:\Node-Application\jsforce\'~\.npm-global';C:\Program Files (x86)\Microsoft VS Code\bin
10 verbose lifecycle fulljs@1.0.0~start: CWD: C:\Node-Application\fullstack-javascript
11 silly lifecycle fulljs@1.0.0~start: Args: [ '/d /s /c',
11 silly lifecycle   'nodemon --exec babel-node server.js --ignore public/' ]
12 silly lifecycle fulljs@1.0.0~start: Returned: code: 1  signal: null
13 info lifecycle fulljs@1.0.0~start: Failed to exec start script
14 verbose stack Error: fulljs@1.0.0 start: `nodemon --exec babel-node server.js --ignore public/`
14 verbose stack Exit status 1
14 verbose stack     at EventEmitter.<anonymous> (C:\Users\Ngoc\AppData\Roaming\npm\'~\.npm-global'\node_modules\npm\lib\utils\lifecycle.js:255:16)
14 verbose stack     at emitTwo (events.js:87:13)
14 verbose stack     at EventEmitter.emit (events.js:172:7)
14 verbose stack     at ChildProcess.<anonymous> (C:\Users\Ngoc\AppData\Roaming\npm\'~\.npm-global'\node_modules\npm\lib\utils\spawn.js:40:14)
14 verbose stack     at emitTwo (events.js:87:13)
14 verbose stack     at ChildProcess.emit (events.js:172:7)
14 verbose stack     at maybeClose (internal/child_process.js:827:16)
14 verbose stack     at Process.ChildProcess._handle.onexit (internal/child_process.js:211:5)
15 verbose pkgid fulljs@1.0.0
16 verbose cwd C:\Node-Application\fullstack-javascript
17 error Windows_NT 10.0.14393
18 error argv "C:\\Program Files\\nodejs\\node.exe" "C:\\Users\\Ngoc\\AppData\\Roaming\\npm\\'~\\.npm-global'\\node_modules\\npm\\bin\\npm-cli.js" "start"
19 error node v4.4.5
20 error npm  v3.10.6
21 error code ELIFECYCLE
22 error fulljs@1.0.0 start: `nodemon --exec babel-node server.js --ignore public/`
22 error Exit status 1
23 error Failed at the fulljs@1.0.0 start script 'nodemon --exec babel-node server.js --ignore public/'.
23 error Make sure you have the latest version of node.js and npm installed.
23 error If you do, this is most likely a problem with the fulljs package,
23 error not with npm itself.
23 error Tell the author that this fails on your system:
23 error     nodemon --exec babel-node server.js --ignore public/
23 error You can get information on how to open an issue for this project with:
23 error     npm bugs fulljs
23 error Or if that isn't available, you can get their info via:
23 error     npm owner ls fulljs
23 error There is likely additional logging output above.
24 verbose exit [ 1, true ]
